<?xml version="1.0" encoding="UTF-8"?>
<!-- Generated by org.testng.reporters.JUnitReportReporter -->
<testsuite skipped="0" hostname="VAIO" name="com.nareshmaven.example.Login" tests="1" failures="0" timestamp="14 May 2017 11:30:04 GMT" time="2.662" errors="0">
  <testcase name="login" time="2.662" classname="com.nareshmaven.example.Login"/>
</testsuite> <!-- com.nareshmaven.example.Login -->
