<?xml version="1.0" encoding="UTF-8"?>
<!-- Generated by org.testng.reporters.JUnitReportReporter -->
<testsuite hostname="VAIO" name="com.cpsbank.tests.Radio" tests="1" failures="0" timestamp="8 May 2017 07:16:41 GMT" time="18.564" errors="0">
  <testcase name="quickTransfer" time="18.564" classname="com.cpsbank.tests.Radio"/>
</testsuite> <!-- com.cpsbank.tests.Radio -->
