<?xml version="1.0" encoding="UTF-8"?>
<!-- Generated by org.testng.reporters.JUnitReportReporter -->
<testsuite hostname="VAIO" name="com.cpsbank.tests.verifychangepassword" tests="1" failures="0" timestamp="2 May 2017 14:57:46 GMT" time="12.198" errors="0">
  <testcase name="changePassword" time="12.198" classname="com.cpsbank.tests.verifychangepassword"/>
</testsuite> <!-- com.cpsbank.tests.verifychangepassword -->
