<?xml version="1.0" encoding="UTF-8"?>
<!-- Generated by org.testng.reporters.JUnitReportReporter -->
<testsuite hostname="VAIO" name="com.cpsbank.tests.VerifyCustomerLogin" tests="1" failures="0" timestamp="8 May 2017 08:56:49 GMT" time="4.470" errors="0">
  <testcase name="customerLogin" time="4.470" classname="com.cpsbank.tests.VerifyCustomerLogin"/>
</testsuite> <!-- com.cpsbank.tests.VerifyCustomerLogin -->
