<?xml version="1.0" encoding="UTF-8"?>
<!-- Generated by org.testng.reporters.JUnitReportReporter -->
<testsuite hostname="VAIO" name="com.cpsbank.tests.VerifyQuickTransfer" tests="1" failures="0" timestamp="12 May 2017 17:16:38 GMT" time="306.152" errors="0">
  <testcase name="quickTransfer" time="306.152" classname="com.cpsbank.tests.VerifyQuickTransfer"/>
</testsuite> <!-- com.cpsbank.tests.VerifyQuickTransfer -->
