<?xml version="1.0" encoding="UTF-8"?>
<!-- Generated by org.testng.reporters.JUnitReportReporter -->
<testsuite hostname="VAIO" name="com.cpsbank.tests.Dropdown" tests="1" failures="0" timestamp="8 May 2017 10:31:32 GMT" time="50.410" errors="0">
  <testcase name="transferToOtherBank" time="50.410" classname="com.cpsbank.tests.Dropdown"/>
</testsuite> <!-- com.cpsbank.tests.Dropdown -->
