<?xml version="1.0" encoding="UTF-8"?>
<!-- Generated by org.testng.reporters.JUnitReportReporter -->
<testsuite hostname="VAIO" name="com.cpsbank.tests.VerifyUrl" tests="1" failures="0" timestamp="2 May 2017 04:00:35 GMT" time="8.416" errors="0">
  <testcase name="navigateUrl" time="8.416" classname="com.cpsbank.tests.VerifyUrl"/>
</testsuite> <!-- com.cpsbank.tests.VerifyUrl -->
