<?xml version="1.0" encoding="UTF-8"?>
<!-- Generated by org.testng.reporters.JUnitReportReporter -->
<testsuite hostname="VAIO" name="com.cpsbank.tests.VerifyDropdown" tests="1" failures="0" timestamp="2 May 2017 09:06:01 GMT" time="3.593" errors="0">
  <testcase name="openDropdown" time="3.593" classname="com.cpsbank.tests.VerifyDropdown"/>
</testsuite> <!-- com.cpsbank.tests.VerifyDropdown -->
