<?xml version="1.0" encoding="UTF-8"?>
<!-- Generated by org.testng.reporters.JUnitReportReporter -->
<testsuite hostname="VAIO" name="com.cpsbank.tests.VerifyTransferToOtherBank" tests="1" failures="0" timestamp="8 May 2017 10:35:04 GMT" time="140.221" errors="0">
  <testcase name="transferToOtherBank" time="140.221" classname="com.cpsbank.tests.VerifyTransferToOtherBank"/>
</testsuite> <!-- com.cpsbank.tests.VerifyTransferToOtherBank -->
